\BOOKMARK [0][-]{chapter.1}{\376\377\000H\000i\000e\000r\000a\000r\000c\000h\000i\000c\000a\000l\000\040\000I\000n\000d\000e\000x}{}% 1
\BOOKMARK [1][-]{section.1.1}{\376\377\000C\000l\000a\000s\000s\000\040\000H\000i\000e\000r\000a\000r\000c\000h\000y}{chapter.1}% 2
\BOOKMARK [0][-]{chapter.2}{\376\377\000C\000l\000a\000s\000s\000\040\000I\000n\000d\000e\000x}{}% 3
\BOOKMARK [1][-]{section.2.1}{\376\377\000C\000l\000a\000s\000s\000\040\000L\000i\000s\000t}{chapter.2}% 4
\BOOKMARK [0][-]{chapter.3}{\376\377\000F\000i\000l\000e\000\040\000I\000n\000d\000e\000x}{}% 5
\BOOKMARK [1][-]{section.3.1}{\376\377\000F\000i\000l\000e\000\040\000L\000i\000s\000t}{chapter.3}% 6
\BOOKMARK [0][-]{chapter.4}{\376\377\000C\000l\000a\000s\000s\000\040\000D\000o\000c\000u\000m\000e\000n\000t\000a\000t\000i\000o\000n}{}% 7
\BOOKMARK [1][-]{section.4.1}{\376\377\000A\000l\000y\000M\000a\000t\000k\000u\000s\000t\000a\000j\000a\000\040\000C\000l\000a\000s\000s\000\040\000R\000e\000f\000e\000r\000e\000n\000c\000e}{chapter.4}% 8
\BOOKMARK [1][-]{section.4.2}{\376\377\000A\000m\000m\000u\000s\000\040\000C\000l\000a\000s\000s\000\040\000R\000e\000f\000e\000r\000e\000n\000c\000e}{chapter.4}% 9
\BOOKMARK [2][-]{subsection.4.2.1}{\376\377\000C\000o\000n\000s\000t\000r\000u\000c\000t\000o\000r\000\040\000\046\000\040\000D\000e\000s\000t\000r\000u\000c\000t\000o\000r\000\040\000D\000o\000c\000u\000m\000e\000n\000t\000a\000t\000i\000o\000n}{section.4.2}% 10
\BOOKMARK [3][-]{subsubsection.4.2.1.1}{\376\377\000A\000m\000m\000u\000s}{subsection.4.2.1}% 11
\BOOKMARK [2][-]{subsection.4.2.2}{\376\377\000M\000e\000m\000b\000e\000r\000\040\000F\000u\000n\000c\000t\000i\000o\000n\000\040\000D\000o\000c\000u\000m\000e\000n\000t\000a\000t\000i\000o\000n}{section.4.2}% 12
\BOOKMARK [3][-]{subsubsection.4.2.2.1}{\376\377\000a\000l\000u\000s\000t\000a\000A\000m\000m\000u\000s}{subsection.4.2.2}% 13
\BOOKMARK [3][-]{subsubsection.4.2.2.2}{\376\377\000a\000s\000e\000t\000a\000A\000m\000m\000u\000s\000k\000u\000v\000a}{subsection.4.2.2}% 14
\BOOKMARK [3][-]{subsubsection.4.2.2.3}{\376\377\000e\000t\000e\000n\000e}{subsection.4.2.2}% 15
\BOOKMARK [3][-]{subsubsection.4.2.2.4}{\376\377\000o\000s\000u\000m\000a}{subsection.4.2.2}% 16
\BOOKMARK [3][-]{subsubsection.4.2.2.5}{\376\377\000s\000u\000u\000n\000t\000a\000P\000i\000s\000t\000e}{subsection.4.2.2}% 17
\BOOKMARK [3][-]{subsubsection.4.2.2.6}{\376\377\000t\000a\000r\000k\000i\000s\000t\000a\000O\000s\000u\000m\000a}{subsection.4.2.2}% 18
\BOOKMARK [3][-]{subsubsection.4.2.2.7}{\376\377\000t\000u\000h\000o\000a\000A\000m\000m\000u\000s}{subsection.4.2.2}% 19
\BOOKMARK [3][-]{subsubsection.4.2.2.8}{\376\377\000u\000l\000k\000o\000O\000s\000u\000m\000a}{subsection.4.2.2}% 20
\BOOKMARK [1][-]{section.4.3}{\376\377\000D\000r\000o\000o\000n\000i\000\040\000C\000l\000a\000s\000s\000\040\000R\000e\000f\000e\000r\000e\000n\000c\000e}{chapter.4}% 21
\BOOKMARK [2][-]{subsection.4.3.1}{\376\377\000C\000o\000n\000s\000t\000r\000u\000c\000t\000o\000r\000\040\000\046\000\040\000D\000e\000s\000t\000r\000u\000c\000t\000o\000r\000\040\000D\000o\000c\000u\000m\000e\000n\000t\000a\000t\000i\000o\000n}{section.4.3}% 22
\BOOKMARK [3][-]{subsubsection.4.3.1.1}{\376\377\000D\000r\000o\000o\000n\000i}{subsection.4.3.1}% 23
\BOOKMARK [3][-]{subsubsection.4.3.1.2}{\376\377\000D\000r\000o\000o\000n\000i}{subsection.4.3.1}% 24
\BOOKMARK [2][-]{subsection.4.3.2}{\376\377\000M\000e\000m\000b\000e\000r\000\040\000F\000u\000n\000c\000t\000i\000o\000n\000\040\000D\000o\000c\000u\000m\000e\000n\000t\000a\000t\000i\000o\000n}{section.4.3}% 25
\BOOKMARK [3][-]{subsubsection.4.3.2.1}{\376\377\000a\000l\000a\000K\000a\000a\000n\000t\000y\000a\000M\000y\000o\000t\000a}{subsection.4.3.2}% 26
\BOOKMARK [3][-]{subsubsection.4.3.2.2}{\376\377\000a\000l\000a\000K\000a\000a\000n\000t\000y\000a\000V\000a\000s\000t\000a}{subsection.4.3.2}% 27
\BOOKMARK [3][-]{subsubsection.4.3.2.3}{\376\377\000a\000l\000a\000L\000i\000i\000k\000k\000u\000a\000E\000t\000e\000e\000n}{subsection.4.3.2}% 28
\BOOKMARK [3][-]{subsubsection.4.3.2.4}{\376\377\000a\000l\000a\000L\000i\000i\000k\000k\000u\000a\000T\000a\000a\000k\000s\000e}{subsection.4.3.2}% 29
\BOOKMARK [3][-]{subsubsection.4.3.2.5}{\376\377\000a\000m\000m\000u}{subsection.4.3.2}% 30
\BOOKMARK [3][-]{subsubsection.4.3.2.6}{\376\377\000a\000m\000m\000u\000k\000s\000i\000a\000J\000a\000l\000j\000e\000l\000l\000a}{subsection.4.3.2}% 31
\BOOKMARK [3][-]{subsubsection.4.3.2.7}{\376\377\000d\000r\000o\000o\000n\000i\000A\000m\000p\000u\000n\000u\000t}{subsection.4.3.2}% 32
\BOOKMARK [3][-]{subsubsection.4.3.2.8}{\376\377\000d\000r\000o\000o\000n\000i\000L\000i\000i\000k\000k\000u\000n\000u\000t}{subsection.4.3.2}% 33
\BOOKMARK [3][-]{subsubsection.4.3.2.9}{\376\377\000k\000e\000y\000P\000r\000e\000s\000s\000E\000v\000e\000n\000t}{subsection.4.3.2}% 34
\BOOKMARK [3][-]{subsubsection.4.3.2.10}{\376\377\000k\000e\000y\000R\000e\000l\000e\000a\000s\000e\000E\000v\000e\000n\000t}{subsection.4.3.2}% 35
\BOOKMARK [3][-]{subsubsection.4.3.2.11}{\376\377\000l\000i\000i\000k\000u\000S\000u\000l\000a\000v\000a\000s\000t\000i}{subsection.4.3.2}% 36
\BOOKMARK [3][-]{subsubsection.4.3.2.12}{\376\377\000l\000o\000p\000e\000t\000a\000E\000t\000e\000e\000n\000L\000i\000i\000k\000k\000u\000m\000i\000n\000e\000n}{subsection.4.3.2}% 37
\BOOKMARK [3][-]{subsubsection.4.3.2.13}{\376\377\000l\000o\000p\000e\000t\000a\000K\000a\000a\000n\000n\000o\000s\000M\000y\000o\000t\000a}{subsection.4.3.2}% 38
\BOOKMARK [3][-]{subsubsection.4.3.2.14}{\376\377\000l\000o\000p\000e\000t\000a\000K\000a\000a\000n\000n\000o\000s\000V\000a\000s\000t\000a}{subsection.4.3.2}% 39
\BOOKMARK [3][-]{subsubsection.4.3.2.15}{\376\377\000l\000o\000p\000e\000t\000a\000T\000a\000a\000k\000s\000e\000L\000i\000i\000k\000k\000u\000m\000i\000n\000e\000n}{subsection.4.3.2}% 40
\BOOKMARK [3][-]{subsubsection.4.3.2.16}{\376\377\000v\000a\000l\000i\000t\000s\000e\000L\000a\000s\000e\000r}{subsection.4.3.2}% 41
\BOOKMARK [3][-]{subsubsection.4.3.2.17}{\376\377\000v\000a\000l\000i\000t\000s\000e\000M\000i\000i\000n\000a}{subsection.4.3.2}% 42
\BOOKMARK [3][-]{subsubsection.4.3.2.18}{\376\377\000v\000a\000l\000i\000t\000s\000e\000R\000y\000n\000k\000k\000y}{subsection.4.3.2}% 43
\BOOKMARK [1][-]{section.4.4}{\376\377\000K\000a\000u\000p\000u\000n\000k\000i\000\040\000C\000l\000a\000s\000s\000\040\000R\000e\000f\000e\000r\000e\000n\000c\000e}{chapter.4}% 44
\BOOKMARK [2][-]{subsection.4.4.1}{\376\377\000M\000e\000m\000b\000e\000r\000\040\000F\000u\000n\000c\000t\000i\000o\000n\000\040\000D\000o\000c\000u\000m\000e\000n\000t\000a\000t\000i\000o\000n}{section.4.4}% 45
\BOOKMARK [3][-]{subsubsection.4.4.1.1}{\376\377\000a\000j\000a\000s\000t\000a\000L\000o\000p\000e\000t\000u\000s}{subsection.4.4.1}% 46
\BOOKMARK [1][-]{section.4.5}{\376\377\000L\000a\000s\000e\000r\000\040\000C\000l\000a\000s\000s\000\040\000R\000e\000f\000e\000r\000e\000n\000c\000e}{chapter.4}% 47
\BOOKMARK [2][-]{subsection.4.5.1}{\376\377\000C\000o\000n\000s\000t\000r\000u\000c\000t\000o\000r\000\040\000\046\000\040\000D\000e\000s\000t\000r\000u\000c\000t\000o\000r\000\040\000D\000o\000c\000u\000m\000e\000n\000t\000a\000t\000i\000o\000n}{section.4.5}% 48
\BOOKMARK [3][-]{subsubsection.4.5.1.1}{\376\377\000L\000a\000s\000e\000r}{subsection.4.5.1}% 49
\BOOKMARK [3][-]{subsubsection.4.5.1.2}{\376\377\000L\000a\000s\000e\000r}{subsection.4.5.1}% 50
\BOOKMARK [2][-]{subsection.4.5.2}{\376\377\000M\000e\000m\000b\000e\000r\000\040\000F\000u\000n\000c\000t\000i\000o\000n\000\040\000D\000o\000c\000u\000m\000e\000n\000t\000a\000t\000i\000o\000n}{section.4.5}% 51
\BOOKMARK [3][-]{subsubsection.4.5.2.1}{\376\377\000a\000s\000e\000t\000a\000A\000m\000m\000u\000s\000k\000u\000v\000a}{subsection.4.5.2}% 52
\BOOKMARK [3][-]{subsubsection.4.5.2.2}{\376\377\000t\000a\000r\000k\000i\000s\000t\000a\000O\000s\000u\000m\000a}{subsection.4.5.2}% 53
\BOOKMARK [1][-]{section.4.6}{\376\377\000L\000o\000p\000e\000t\000u\000s\000D\000i\000a\000l\000o\000g\000\040\000C\000l\000a\000s\000s\000\040\000R\000e\000f\000e\000r\000e\000n\000c\000e}{chapter.4}% 54
\BOOKMARK [1][-]{section.4.7}{\376\377\000M\000i\000i\000n\000a\000\040\000C\000l\000a\000s\000s\000\040\000R\000e\000f\000e\000r\000e\000n\000c\000e}{chapter.4}% 55
\BOOKMARK [2][-]{subsection.4.7.1}{\376\377\000C\000o\000n\000s\000t\000r\000u\000c\000t\000o\000r\000\040\000\046\000\040\000D\000e\000s\000t\000r\000u\000c\000t\000o\000r\000\040\000D\000o\000c\000u\000m\000e\000n\000t\000a\000t\000i\000o\000n}{section.4.7}% 56
\BOOKMARK [3][-]{subsubsection.4.7.1.1}{\376\377\000M\000i\000i\000n\000a}{subsection.4.7.1}% 57
\BOOKMARK [3][-]{subsubsection.4.7.1.2}{\376\377\000M\000i\000i\000n\000a}{subsection.4.7.1}% 58
\BOOKMARK [2][-]{subsection.4.7.2}{\376\377\000M\000e\000m\000b\000e\000r\000\040\000F\000u\000n\000c\000t\000i\000o\000n\000\040\000D\000o\000c\000u\000m\000e\000n\000t\000a\000t\000i\000o\000n}{section.4.7}% 59
\BOOKMARK [3][-]{subsubsection.4.7.2.1}{\376\377\000a\000l\000u\000s\000t\000a\000A\000m\000m\000u\000s}{subsection.4.7.2}% 60
\BOOKMARK [3][-]{subsubsection.4.7.2.2}{\376\377\000a\000s\000e\000t\000a\000A\000m\000m\000u\000s\000k\000u\000v\000a}{subsection.4.7.2}% 61
\BOOKMARK [3][-]{subsubsection.4.7.2.3}{\376\377\000o\000s\000u\000m\000a}{subsection.4.7.2}% 62
\BOOKMARK [3][-]{subsubsection.4.7.2.4}{\376\377\000t\000a\000r\000k\000i\000s\000t\000a\000O\000s\000u\000m\000a}{subsection.4.7.2}% 63
\BOOKMARK [1][-]{section.4.8}{\376\377\000N\000y\000s\000s\000e\000k\000u\000v\000a\000\040\000C\000l\000a\000s\000s\000\040\000R\000e\000f\000e\000r\000e\000n\000c\000e}{chapter.4}% 64
\BOOKMARK [2][-]{subsection.4.8.1}{\376\377\000C\000o\000n\000s\000t\000r\000u\000c\000t\000o\000r\000\040\000\046\000\040\000D\000e\000s\000t\000r\000u\000c\000t\000o\000r\000\040\000D\000o\000c\000u\000m\000e\000n\000t\000a\000t\000i\000o\000n}{section.4.8}% 65
\BOOKMARK [3][-]{subsubsection.4.8.1.1}{\376\377\000N\000y\000s\000s\000e\000k\000u\000v\000a}{subsection.4.8.1}% 66
\BOOKMARK [3][-]{subsubsection.4.8.1.2}{\376\377\000N\000y\000s\000s\000e\000k\000u\000v\000a}{subsection.4.8.1}% 67
\BOOKMARK [2][-]{subsection.4.8.2}{\376\377\000M\000e\000m\000b\000e\000r\000\040\000F\000u\000n\000c\000t\000i\000o\000n\000\040\000D\000o\000c\000u\000m\000e\000n\000t\000a\000t\000i\000o\000n}{section.4.8}% 68
\BOOKMARK [3][-]{subsubsection.4.8.2.1}{\376\377\000k\000e\000r\000r\000o\000K\000a\000u\000p\000u\000n\000k\000i}{subsection.4.8.2}% 69
\BOOKMARK [3][-]{subsubsection.4.8.2.2}{\376\377\000o\000s\000u\000m\000a}{subsection.4.8.2}% 70
\BOOKMARK [3][-]{subsubsection.4.8.2.3}{\376\377\000t\000u\000h\000o\000t\000t\000u}{subsection.4.8.2}% 71
\BOOKMARK [3][-]{subsubsection.4.8.2.4}{\376\377\000t\000u\000h\000o\000u\000d\000u}{subsection.4.8.2}% 72
\BOOKMARK [1][-]{section.4.9}{\376\377\000P\000e\000l\000i\000A\000l\000u\000e\000\040\000C\000l\000a\000s\000s\000\040\000R\000e\000f\000e\000r\000e\000n\000c\000e}{chapter.4}% 73
\BOOKMARK [2][-]{subsection.4.9.1}{\376\377\000M\000e\000m\000b\000e\000r\000\040\000F\000u\000n\000c\000t\000i\000o\000n\000\040\000D\000o\000c\000u\000m\000e\000n\000t\000a\000t\000i\000o\000n}{section.4.9}% 74
\BOOKMARK [3][-]{subsubsection.4.9.1.1}{\376\377\000l\000i\000s\000a\000a\000D\000r\000o\000o\000n\000i}{subsection.4.9.1}% 75
\BOOKMARK [1][-]{section.4.10}{\376\377\000P\000e\000l\000i\000I\000k\000k\000u\000n\000a\000\040\000C\000l\000a\000s\000s\000\040\000R\000e\000f\000e\000r\000e\000n\000c\000e}{chapter.4}% 76
\BOOKMARK [2][-]{subsection.4.10.1}{\376\377\000C\000o\000n\000s\000t\000r\000u\000c\000t\000o\000r\000\040\000\046\000\040\000D\000e\000s\000t\000r\000u\000c\000t\000o\000r\000\040\000D\000o\000c\000u\000m\000e\000n\000t\000a\000t\000i\000o\000n}{section.4.10}% 77
\BOOKMARK [3][-]{subsubsection.4.10.1.1}{\376\377\000P\000e\000l\000i\000I\000k\000k\000u\000n\000a}{subsection.4.10.1}% 78
\BOOKMARK [3][-]{subsubsection.4.10.1.2}{\376\377\000P\000e\000l\000i\000I\000k\000k\000u\000n\000a}{subsection.4.10.1}% 79
\BOOKMARK [2][-]{subsection.4.10.2}{\376\377\000M\000e\000m\000b\000e\000r\000\040\000F\000u\000n\000c\000t\000i\000o\000n\000\040\000D\000o\000c\000u\000m\000e\000n\000t\000a\000t\000i\000o\000n}{section.4.10}% 80
\BOOKMARK [3][-]{subsubsection.4.10.2.1}{\376\377\000a\000s\000e\000t\000a\000K\000a\000r\000t\000t\000a}{subsection.4.10.2}% 81
\BOOKMARK [3][-]{subsubsection.4.10.2.2}{\376\377\000a\000s\000e\000t\000a\000S\000t\000a\000t\000u\000s}{subsection.4.10.2}% 82
\BOOKMARK [3][-]{subsubsection.4.10.2.3}{\376\377\000l\000i\000s\000a\000a\000\137\000n\000y\000s\000s\000e}{subsection.4.10.2}% 83
\BOOKMARK [3][-]{subsubsection.4.10.2.4}{\376\377\000l\000i\000s\000a\000a\000\137\000p\000y\000s\000a\000k\000k\000i}{subsection.4.10.2}% 84
\BOOKMARK [3][-]{subsubsection.4.10.2.5}{\376\377\000l\000i\000s\000a\000a\000D\000r\000o\000o\000n\000i}{subsection.4.10.2}% 85
\BOOKMARK [3][-]{subsubsection.4.10.2.6}{\376\377\000n\000a\000y\000t\000a\000T\000o\000p\000l\000i\000s\000t\000a}{subsection.4.10.2}% 86
\BOOKMARK [3][-]{subsubsection.4.10.2.7}{\376\377\000P\000a\000i\000v\000i\000t\000a\000T\000u\000l\000o\000k\000s\000e\000t}{subsection.4.10.2}% 87
\BOOKMARK [1][-]{section.4.11}{\376\377\000R\000y\000n\000n\000a\000k\000k\000o\000k\000i\000v\000a\000a\000r\000i\000\040\000C\000l\000a\000s\000s\000\040\000R\000e\000f\000e\000r\000e\000n\000c\000e}{chapter.4}% 88
\BOOKMARK [2][-]{subsection.4.11.1}{\376\377\000C\000o\000n\000s\000t\000r\000u\000c\000t\000o\000r\000\040\000\046\000\040\000D\000e\000s\000t\000r\000u\000c\000t\000o\000r\000\040\000D\000o\000c\000u\000m\000e\000n\000t\000a\000t\000i\000o\000n}{section.4.11}% 89
\BOOKMARK [3][-]{subsubsection.4.11.1.1}{\376\377\000R\000y\000n\000n\000a\000k\000k\000o\000k\000i\000v\000a\000a\000r\000i}{subsection.4.11.1}% 90
\BOOKMARK [3][-]{subsubsection.4.11.1.2}{\376\377\000R\000y\000n\000n\000a\000k\000k\000o\000k\000i\000v\000a\000a\000r\000i}{subsection.4.11.1}% 91
\BOOKMARK [2][-]{subsection.4.11.2}{\376\377\000M\000e\000m\000b\000e\000r\000\040\000F\000u\000n\000c\000t\000i\000o\000n\000\040\000D\000o\000c\000u\000m\000e\000n\000t\000a\000t\000i\000o\000n}{section.4.11}% 92
\BOOKMARK [3][-]{subsubsection.4.11.2.1}{\376\377\000a\000s\000e\000t\000a\000A\000m\000m\000u\000s\000k\000u\000v\000a}{subsection.4.11.2}% 93
\BOOKMARK [1][-]{section.4.12}{\376\377\000T\000i\000l\000a\000s\000t\000o\000\040\000C\000l\000a\000s\000s\000\040\000R\000e\000f\000e\000r\000e\000n\000c\000e}{chapter.4}% 94
\BOOKMARK [2][-]{subsection.4.12.1}{\376\377\000M\000e\000m\000b\000e\000r\000\040\000F\000u\000n\000c\000t\000i\000o\000n\000\040\000D\000o\000c\000u\000m\000e\000n\000t\000a\000t\000i\000o\000n}{section.4.12}% 95
\BOOKMARK [3][-]{subsubsection.4.12.1.1}{\376\377\000k\000i\000r\000j\000o\000i\000t\000a\000T\000i\000e\000d\000o\000s\000t\000o\000o\000n}{subsection.4.12.1}% 96
\BOOKMARK [3][-]{subsubsection.4.12.1.2}{\376\377\000l\000u\000e\000\137\000t\000i\000e\000d\000o\000s\000t\000o}{subsection.4.12.1}% 97
\BOOKMARK [3][-]{subsubsection.4.12.1.3}{\376\377\000p\000a\000i\000v\000i\000t\000a\000\137\000t\000i\000l\000a\000s\000t\000o}{subsection.4.12.1}% 98
\BOOKMARK [3][-]{subsubsection.4.12.1.4}{\376\377\000s\000e\000l\000v\000i\000t\000a\000L\000i\000s\000t\000a\000s\000i\000j\000o\000i\000t\000u\000s}{subsection.4.12.1}% 99
\BOOKMARK [0][-]{chapter.5}{\376\377\000F\000i\000l\000e\000\040\000D\000o\000c\000u\000m\000e\000n\000t\000a\000t\000i\000o\000n}{}% 100
\BOOKMARK [1][-]{section.5.1}{\376\377\000a\000m\000m\000u\000s\000.\000h\000h\000\040\000F\000i\000l\000e\000\040\000R\000e\000f\000e\000r\000e\000n\000c\000e}{chapter.5}% 101
\BOOKMARK [2][-]{subsection.5.1.1}{\376\377\000D\000e\000t\000a\000i\000l\000e\000d\000\040\000D\000e\000s\000c\000r\000i\000p\000t\000i\000o\000n}{section.5.1}% 102
\BOOKMARK [1][-]{section.5.2}{\376\377\000d\000r\000o\000o\000n\000i\000.\000h\000h\000\040\000F\000i\000l\000e\000\040\000R\000e\000f\000e\000r\000e\000n\000c\000e}{chapter.5}% 103
\BOOKMARK [2][-]{subsection.5.2.1}{\376\377\000D\000e\000t\000a\000i\000l\000e\000d\000\040\000D\000e\000s\000c\000r\000i\000p\000t\000i\000o\000n}{section.5.2}% 104
\BOOKMARK [1][-]{section.5.3}{\376\377\000k\000a\000u\000p\000u\000n\000k\000i\000.\000h\000h\000\040\000F\000i\000l\000e\000\040\000R\000e\000f\000e\000r\000e\000n\000c\000e}{chapter.5}% 105
\BOOKMARK [2][-]{subsection.5.3.1}{\376\377\000D\000e\000t\000a\000i\000l\000e\000d\000\040\000D\000e\000s\000c\000r\000i\000p\000t\000i\000o\000n}{section.5.3}% 106
\BOOKMARK [1][-]{section.5.4}{\376\377\000l\000a\000s\000e\000r\000.\000h\000h\000\040\000F\000i\000l\000e\000\040\000R\000e\000f\000e\000r\000e\000n\000c\000e}{chapter.5}% 107
\BOOKMARK [2][-]{subsection.5.4.1}{\376\377\000D\000e\000t\000a\000i\000l\000e\000d\000\040\000D\000e\000s\000c\000r\000i\000p\000t\000i\000o\000n}{section.5.4}% 108
\BOOKMARK [1][-]{section.5.5}{\376\377\000m\000i\000i\000n\000a\000.\000h\000h\000\040\000F\000i\000l\000e\000\040\000R\000e\000f\000e\000r\000e\000n\000c\000e}{chapter.5}% 109
\BOOKMARK [2][-]{subsection.5.5.1}{\376\377\000D\000e\000t\000a\000i\000l\000e\000d\000\040\000D\000e\000s\000c\000r\000i\000p\000t\000i\000o\000n}{section.5.5}% 110
\BOOKMARK [1][-]{section.5.6}{\376\377\000n\000y\000s\000s\000e\000k\000u\000v\000a\000.\000h\000h\000\040\000F\000i\000l\000e\000\040\000R\000e\000f\000e\000r\000e\000n\000c\000e}{chapter.5}% 111
\BOOKMARK [2][-]{subsection.5.6.1}{\376\377\000D\000e\000t\000a\000i\000l\000e\000d\000\040\000D\000e\000s\000c\000r\000i\000p\000t\000i\000o\000n}{section.5.6}% 112
\BOOKMARK [1][-]{section.5.7}{\376\377\000p\000e\000l\000i\000a\000l\000u\000e\000.\000h\000h\000\040\000F\000i\000l\000e\000\040\000R\000e\000f\000e\000r\000e\000n\000c\000e}{chapter.5}% 113
\BOOKMARK [2][-]{subsection.5.7.1}{\376\377\000D\000e\000t\000a\000i\000l\000e\000d\000\040\000D\000e\000s\000c\000r\000i\000p\000t\000i\000o\000n}{section.5.7}% 114
\BOOKMARK [1][-]{section.5.8}{\376\377\000p\000e\000l\000i\000i\000k\000k\000u\000n\000a\000.\000h\000h\000\040\000F\000i\000l\000e\000\040\000R\000e\000f\000e\000r\000e\000n\000c\000e}{chapter.5}% 115
\BOOKMARK [2][-]{subsection.5.8.1}{\376\377\000D\000e\000t\000a\000i\000l\000e\000d\000\040\000D\000e\000s\000c\000r\000i\000p\000t\000i\000o\000n}{section.5.8}% 116
\BOOKMARK [1][-]{section.5.9}{\376\377\000r\000y\000n\000n\000a\000k\000k\000o\000k\000i\000v\000a\000a\000r\000i\000.\000h\000h\000\040\000F\000i\000l\000e\000\040\000R\000e\000f\000e\000r\000e\000n\000c\000e}{chapter.5}% 117
\BOOKMARK [2][-]{subsection.5.9.1}{\376\377\000D\000e\000t\000a\000i\000l\000e\000d\000\040\000D\000e\000s\000c\000r\000i\000p\000t\000i\000o\000n}{section.5.9}% 118
\BOOKMARK [-1][-]{section*.41}{\376\377\000I\000n\000d\000e\000x}{}% 119
